<?xml version="1.0" encoding="UTF-8"?>
<!-- Generated by org.testng.reporters.JUnitReportReporter -->
<testsuite skipped="0" hostname="DESKTOP-F9VC1VQ" name="com.sample.SampleTest" tests="6" failures="0" timestamp="10 Aug 2021 18:42:46 GMT" time="0.090" errors="0">
  <testcase name="tc05" time="0.019" classname="com.sample.SampleTest"/>
  <testcase name="tc02" time="0.009" classname="com.sample.SampleTest"/>
  <testcase name="tc03" time="0.019" classname="com.sample.SampleTest"/>
  <testcase name="tc04" time="0.007" classname="com.sample.SampleTest"/>
  <testcase name="tc01" time="0.028" classname="com.sample.SampleTest"/>
  <testcase name="tc06" time="0.008" classname="com.sample.SampleTest"/>
</testsuite> <!-- com.sample.SampleTest -->
